[debug] [2025-03-25T08:33:29.840Z] ----------------------------------------------------------------------
[debug] [2025-03-25T08:33:29.843Z] Command:       /Users/chenyuda/.nvm/versions/node/v20.9.0/bin/node /Users/chenyuda/.nvm/versions/node/v20.9.0/bin/firebase init hosting
[debug] [2025-03-25T08:33:29.844Z] CLI Version:   13.35.1
[debug] [2025-03-25T08:33:29.844Z] Platform:      darwin
[debug] [2025-03-25T08:33:29.844Z] Node Version:  v20.9.0
[debug] [2025-03-25T08:33:29.844Z] Time:          Tue Mar 25 2025 16:33:29 GMT+0800 (Taipei Standard Time)
[debug] [2025-03-25T08:33:29.844Z] ----------------------------------------------------------------------
[debug] 
[debug] [2025-03-25T08:33:29.939Z] > command requires scopes: ["email","openid","https://www.googleapis.com/auth/cloudplatformprojects.readonly","https://www.googleapis.com/auth/firebase","https://www.googleapis.com/auth/cloud-platform"]
[debug] [2025-03-25T08:33:29.939Z] > authorizing via signed-in user (h51301.c@gmail.com)
[info] 
     ######## #### ########  ######## ########     ###     ######  ########
     ##        ##  ##     ## ##       ##     ##  ##   ##  ##       ##
     ######    ##  ########  ######   ########  #########  ######  ######
     ##        ##  ##    ##  ##       ##     ## ##     ##       ## ##
     ##       #### ##     ## ######## ########  ##     ##  ######  ########

You're about to initialize a Firebase project in this directory:

  /Users/chenyuda/wedding-ceremony

Before we get started, keep in mind:

  * You are initializing within an existing Firebase project directory

[info] 
=== Project Setup
[info] 
[info] First, let's associate this project directory with a Firebase project.
[info] You can create multiple project aliases by running firebase use --add, 
[info] but for now we'll just set up a default project.
[info] 
[debug] [2025-03-25T08:33:29.941Z] Using project from CLI flag: wedding-ceremony-5fcd0
[debug] [2025-03-25T08:33:29.941Z] Checked if tokens are valid: true, expires at: 1742894362631
[debug] [2025-03-25T08:33:29.942Z] Checked if tokens are valid: true, expires at: 1742894362631
[debug] [2025-03-25T08:33:29.942Z] >>> [apiv2][query] GET https://firebase.googleapis.com/v1beta1/projects/wedding-ceremony-5fcd0 [none]
[debug] [2025-03-25T08:33:30.332Z] <<< [apiv2][status] GET https://firebase.googleapis.com/v1beta1/projects/wedding-ceremony-5fcd0 200
[debug] [2025-03-25T08:33:30.333Z] <<< [apiv2][body] GET https://firebase.googleapis.com/v1beta1/projects/wedding-ceremony-5fcd0 {"projectId":"wedding-ceremony-5fcd0","projectNumber":"757926458058","displayName":"wedding-ceremony","name":"projects/wedding-ceremony-5fcd0","resources":{"hostingSite":"wedding-ceremony-5fcd0"},"state":"ACTIVE","etag":"1_3c052c3d-9f59-4aae-81ef-3c728a20dcbd"}
[info] i  Using project wedding-ceremony-5fcd0 (wedding-ceremony) 
[info] 
=== Hosting Setup
[debug] [2025-03-25T08:33:30.342Z] Checked if tokens are valid: true, expires at: 1742894362631
[debug] [2025-03-25T08:33:30.342Z] Checked if tokens are valid: true, expires at: 1742894362631
[debug] [2025-03-25T08:33:30.342Z] >>> [apiv2][query] GET https://firebase.googleapis.com/v1beta1/projects/wedding-ceremony-5fcd0 [none]
[debug] [2025-03-25T08:33:30.575Z] <<< [apiv2][status] GET https://firebase.googleapis.com/v1beta1/projects/wedding-ceremony-5fcd0 200
[debug] [2025-03-25T08:33:30.575Z] <<< [apiv2][body] GET https://firebase.googleapis.com/v1beta1/projects/wedding-ceremony-5fcd0 {"projectId":"wedding-ceremony-5fcd0","projectNumber":"757926458058","displayName":"wedding-ceremony","name":"projects/wedding-ceremony-5fcd0","resources":{"hostingSite":"wedding-ceremony-5fcd0"},"state":"ACTIVE","etag":"1_3c052c3d-9f59-4aae-81ef-3c728a20dcbd"}
[info] 
[info] Your public directory is the folder (relative to your project directory) that
[info] will contain Hosting assets to be uploaded with firebase deploy. If you
[info] have a build process for your assets, use your build's output directory.
[info] 
